<?xml version="1.0" encoding="UTF-8"?>
<testng-results ignored="0" total="1" passed="1" failed="0" skipped="0">
  <reporter-output>
  </reporter-output>
  <suite started-at="2020-12-26T19:36:21 GMT-03:00" name="Default suite" finished-at="2020-12-26T19:36:27 GMT-03:00" duration-ms="6150">
    <groups>
    </groups>
    <test started-at="2020-12-26T19:36:21 GMT-03:00" name="Default test" finished-at="2020-12-26T19:36:27 GMT-03:00" duration-ms="6150">
      <class name="API_comments.Delete_api">
        <test-method signature="test_post()[pri:0, instance:API_comments.Delete_api@3a6bb9bf]" started-at="2020-12-26T19:36:21 GMT-03:00" name="test_post" finished-at="2020-12-26T19:36:27 GMT-03:00" duration-ms="6073" status="PASS">
          <reporter-output>
          </reporter-output>
        </test-method> <!-- test_post -->
      </class> <!-- API_comments.Delete_api -->
    </test> <!-- Default test -->
  </suite> <!-- Default suite -->
</testng-results>
